[2m2020-06-13 00:05:59.547[0;39m [32mDEBUG[0;39m [35m2276[0;39m [2m---[0;39m [2m[nio-9999-exec-9][0;39m [36mc.s.happyhouse.controller.QnAController [0;39m [2m:[0;39m user login - 호출
[2m2020-06-13 00:06:32.981[0;39m [32mDEBUG[0;39m [35m2276[0;39m [2m---[0;39m [2m[nio-9999-exec-3][0;39m [36mc.s.happyhouse.controller.QnAController [0;39m [2m:[0;39m user login - 호출
[2m2020-06-13 00:06:38.731[0;39m [32mDEBUG[0;39m [35m2276[0;39m [2m---[0;39m [2m[nio-9999-exec-4][0;39m [36mc.s.happyhouse.controller.QnAController [0;39m [2m:[0;39m user kakao login - 호출
[2m2020-06-13 00:08:46.802[0;39m [32mDEBUG[0;39m [35m2276[0;39m [2m---[0;39m [2m[nio-9999-exec-2][0;39m [36mc.s.happyhouse.controller.QnAController [0;39m [2m:[0;39m user login - 호출
[2m2020-06-13 00:10:05.131[0;39m [32mDEBUG[0;39m [35m2276[0;39m [2m---[0;39m [2m[nio-9999-exec-7][0;39m [36mc.s.happyhouse.controller.QnAController [0;39m [2m:[0;39m user login - 호출
[2m2020-06-13 00:10:08.033[0;39m [32mDEBUG[0;39m [35m2276[0;39m [2m---[0;39m [2m[nio-9999-exec-9][0;39m [36mc.s.happyhouse.controller.QnAController [0;39m [2m:[0;39m user login - 호출
[2m2020-06-13 00:10:17.320[0;39m [32mDEBUG[0;39m [35m2276[0;39m [2m---[0;39m [2m[nio-9999-exec-3][0;39m [36mc.s.happyhouse.controller.QnAController [0;39m [2m:[0;39m user login - 호출
[2m2020-06-13 00:10:22.616[0;39m [32mDEBUG[0;39m [35m2276[0;39m [2m---[0;39m [2m[nio-9999-exec-5][0;39m [36mc.s.happyhouse.controller.QnAController [0;39m [2m:[0;39m user login - 호출
[2m2020-06-13 00:10:25.217[0;39m [32mDEBUG[0;39m [35m2276[0;39m [2m---[0;39m [2m[nio-9999-exec-4][0;39m [36mc.s.happyhouse.controller.QnAController [0;39m [2m:[0;39m user login - 호출
[2m2020-06-13 00:11:11.560[0;39m [32mDEBUG[0;39m [35m2276[0;39m [2m---[0;39m [2m[nio-9999-exec-2][0;39m [36mc.s.happyhouse.controller.QnAController [0;39m [2m:[0;39m user login - 호출
[2m2020-06-13 00:11:40.500[0;39m [32mDEBUG[0;39m [35m2276[0;39m [2m---[0;39m [2m[nio-9999-exec-7][0;39m [36mc.s.happyhouse.controller.QnAController [0;39m [2m:[0;39m user login - 호출
[2m2020-06-13 00:15:42.285[0;39m [32mDEBUG[0;39m [35m2276[0;39m [2m---[0;39m [2m[nio-9999-exec-6][0;39m [36mc.s.happyhouse.controller.QnAController [0;39m [2m:[0;39m user login - 호출
[2m2020-06-13 00:24:36.712[0;39m [32mDEBUG[0;39m [35m2276[0;39m [2m---[0;39m [2m[nio-9999-exec-5][0;39m [36mc.s.happyhouse.controller.QnAController [0;39m [2m:[0;39m user login - 호출
[2m2020-06-13 00:30:47.649[0;39m [32mDEBUG[0;39m [35m2276[0;39m [2m---[0;39m [2m[nio-9999-exec-4][0;39m [36mc.s.happyhouse.controller.QnAController [0;39m [2m:[0;39m user login - 호출
[2m2020-06-13 00:32:48.564[0;39m [32mDEBUG[0;39m [35m2276[0;39m [2m---[0;39m [2m[nio-9999-exec-2][0;39m [36mc.s.happyhouse.controller.QnAController [0;39m [2m:[0;39m user login - 호출
[2m2020-06-13 00:34:37.316[0;39m [32mDEBUG[0;39m [35m2276[0;39m [2m---[0;39m [2m[nio-9999-exec-7][0;39m [36mc.s.happyhouse.controller.QnAController [0;39m [2m:[0;39m user login - 호출
[2m2020-06-13 00:34:51.019[0;39m [32mDEBUG[0;39m [35m2276[0;39m [2m---[0;39m [2m[nio-9999-exec-6][0;39m [36mc.s.happyhouse.controller.QnAController [0;39m [2m:[0;39m user login - 호출
[2m2020-06-13 00:35:06.806[0;39m [32mDEBUG[0;39m [35m2276[0;39m [2m---[0;39m [2m[nio-9999-exec-5][0;39m [36mc.s.happyhouse.controller.QnAController [0;39m [2m:[0;39m user login - 호출
[2m2020-06-13 00:35:10.479[0;39m [32mDEBUG[0;39m [35m2276[0;39m [2m---[0;39m [2m[io-9999-exec-10][0;39m [36mc.s.happyhouse.controller.QnAController [0;39m [2m:[0;39m user login - 호출
[2m2020-06-13 00:36:49.645[0;39m [32mDEBUG[0;39m [35m2276[0;39m [2m---[0;39m [2m[nio-9999-exec-1][0;39m [36mc.s.happyhouse.controller.QnAController [0;39m [2m:[0;39m user login - 호출
[2m2020-06-13 00:37:35.565[0;39m [32mDEBUG[0;39m [35m2276[0;39m [2m---[0;39m [2m[nio-9999-exec-8][0;39m [36mc.s.happyhouse.controller.QnAController [0;39m [2m:[0;39m user login - 호출
[2m2020-06-13 00:38:12.830[0;39m [32mDEBUG[0;39m [35m2276[0;39m [2m---[0;39m [2m[nio-9999-exec-9][0;39m [36mc.s.happyhouse.controller.QnAController [0;39m [2m:[0;39m user login - 호출
[2m2020-06-13 00:38:53.561[0;39m [32mDEBUG[0;39m [35m2276[0;39m [2m---[0;39m [2m[nio-9999-exec-3][0;39m [36mc.s.happyhouse.controller.QnAController [0;39m [2m:[0;39m user login - 호출
[2m2020-06-13 00:44:50.652[0;39m [32mDEBUG[0;39m [35m2276[0;39m [2m---[0;39m [2m[io-9999-exec-10][0;39m [36mc.s.happyhouse.controller.QnAController [0;39m [2m:[0;39m user login - 호출
[2m2020-06-13 00:46:08.360[0;39m [32mDEBUG[0;39m [35m2276[0;39m [2m---[0;39m [2m[nio-9999-exec-1][0;39m [36mc.s.happyhouse.controller.QnAController [0;39m [2m:[0;39m user kakao login - 호출
[2m2020-06-13 00:46:28.459[0;39m [32mDEBUG[0;39m [35m2276[0;39m [2m---[0;39m [2m[nio-9999-exec-7][0;39m [36mc.s.happyhouse.controller.QnAController [0;39m [2m:[0;39m getAllSido - 호출
[2m2020-06-13 00:46:28.523[0;39m [32mDEBUG[0;39m [35m2276[0;39m [2m---[0;39m [2m[nio-9999-exec-8][0;39m [36mc.s.happyhouse.controller.QnAController [0;39m [2m:[0;39m getAllInterestArea - 호출
[2m2020-06-13 00:46:35.648[0;39m [32mDEBUG[0;39m [35m2276[0;39m [2m---[0;39m [2m[nio-9999-exec-9][0;39m [36mc.s.happyhouse.controller.QnAController [0;39m [2m:[0;39m getAllInterestArea - 호출
[2m2020-06-13 00:46:35.655[0;39m [32mDEBUG[0;39m [35m2276[0;39m [2m---[0;39m [2m[nio-9999-exec-6][0;39m [36mc.s.happyhouse.controller.QnAController [0;39m [2m:[0;39m getAllSido - 호출
[2m2020-06-13 00:46:40.638[0;39m [32mDEBUG[0;39m [35m2276[0;39m [2m---[0;39m [2m[nio-9999-exec-4][0;39m [36mc.s.happyhouse.controller.QnAController [0;39m [2m:[0;39m getAllSido - 호출
[2m2020-06-13 00:46:40.652[0;39m [32mDEBUG[0;39m [35m2276[0;39m [2m---[0;39m [2m[io-9999-exec-10][0;39m [36mc.s.happyhouse.controller.QnAController [0;39m [2m:[0;39m getAllInterestArea - 호출
[2m2020-06-13 00:46:43.052[0;39m [32mDEBUG[0;39m [35m2276[0;39m [2m---[0;39m [2m[nio-9999-exec-2][0;39m [36mc.s.happyhouse.controller.QnAController [0;39m [2m:[0;39m getAllSido - 호출
[2m2020-06-13 00:46:43.052[0;39m [32mDEBUG[0;39m [35m2276[0;39m [2m---[0;39m [2m[nio-9999-exec-1][0;39m [36mc.s.happyhouse.controller.QnAController [0;39m [2m:[0;39m getAllInterestArea - 호출
[2m2020-06-13 00:46:53.735[0;39m [32mDEBUG[0;39m [35m2276[0;39m [2m---[0;39m [2m[nio-9999-exec-9][0;39m [36mc.s.happyhouse.controller.QnAController [0;39m [2m:[0;39m getAllInterestArea - 호출
[2m2020-06-13 00:46:53.735[0;39m [32mDEBUG[0;39m [35m2276[0;39m [2m---[0;39m [2m[nio-9999-exec-6][0;39m [36mc.s.happyhouse.controller.QnAController [0;39m [2m:[0;39m getAllSido - 호출
[2m2020-06-13 00:47:02.062[0;39m [32mDEBUG[0;39m [35m2276[0;39m [2m---[0;39m [2m[io-9999-exec-10][0;39m [36mc.s.happyhouse.controller.QnAController [0;39m [2m:[0;39m user login - 호출
[2m2020-06-13 00:47:09.867[0;39m [32mDEBUG[0;39m [35m2276[0;39m [2m---[0;39m [2m[nio-9999-exec-2][0;39m [36mc.s.happyhouse.controller.QnAController [0;39m [2m:[0;39m user kakao login - 호출
[2m2020-06-13 00:57:37.916[0;39m [32mDEBUG[0;39m [35m2276[0;39m [2m---[0;39m [2m[nio-9999-exec-7][0;39m [36mc.s.happyhouse.controller.QnAController [0;39m [2m:[0;39m user login - 호출
[2m2020-06-13 00:57:47.249[0;39m [32mDEBUG[0;39m [35m2276[0;39m [2m---[0;39m [2m[nio-9999-exec-9][0;39m [36mc.s.happyhouse.controller.QnAController [0;39m [2m:[0;39m user login - 호출
[2m2020-06-13 01:02:24.097[0;39m [32mDEBUG[0;39m [35m2276[0;39m [2m---[0;39m [2m[nio-9999-exec-5][0;39m [36mc.s.happyhouse.controller.QnAController [0;39m [2m:[0;39m user login - 호출
[2m2020-06-13 01:02:52.737[0;39m [32mDEBUG[0;39m [35m2276[0;39m [2m---[0;39m [2m[io-9999-exec-10][0;39m [36mc.s.happyhouse.controller.QnAController [0;39m [2m:[0;39m user login - 호출
[2m2020-06-13 01:05:20.254[0;39m [32mDEBUG[0;39m [35m2276[0;39m [2m---[0;39m [2m[nio-9999-exec-2][0;39m [36mc.s.happyhouse.controller.QnAController [0;39m [2m:[0;39m user login - 호출
[2m2020-06-13 01:08:11.694[0;39m [32mDEBUG[0;39m [35m2276[0;39m [2m---[0;39m [2m[nio-9999-exec-8][0;39m [36mc.s.happyhouse.controller.QnAController [0;39m [2m:[0;39m user login - 호출
[2m2020-06-13 01:08:35.972[0;39m [32mDEBUG[0;39m [35m2276[0;39m [2m---[0;39m [2m[nio-9999-exec-6][0;39m [36mc.s.happyhouse.controller.QnAController [0;39m [2m:[0;39m user login - 호출
[2m2020-06-13 01:10:03.733[0;39m [32mDEBUG[0;39m [35m2276[0;39m [2m---[0;39m [2m[nio-9999-exec-3][0;39m [36mc.s.happyhouse.controller.QnAController [0;39m [2m:[0;39m user login - 호출
[2m2020-06-13 01:13:01.799[0;39m [32mDEBUG[0;39m [35m2276[0;39m [2m---[0;39m [2m[nio-9999-exec-4][0;39m [36mc.s.happyhouse.controller.QnAController [0;39m [2m:[0;39m user login - 호출
[2m2020-06-13 01:14:39.795[0;39m [32mDEBUG[0;39m [35m2276[0;39m [2m---[0;39m [2m[nio-9999-exec-1][0;39m [36mc.s.happyhouse.controller.QnAController [0;39m [2m:[0;39m user login - 호출
[2m2020-06-13 01:14:46.810[0;39m [32mDEBUG[0;39m [35m2276[0;39m [2m---[0;39m [2m[nio-9999-exec-8][0;39m [36mc.s.happyhouse.controller.QnAController [0;39m [2m:[0;39m user login - 호출
[2m2020-06-13 01:14:47.474[0;39m [32mDEBUG[0;39m [35m2276[0;39m [2m---[0;39m [2m[nio-9999-exec-9][0;39m [36mc.s.happyhouse.controller.QnAController [0;39m [2m:[0;39m user login - 호출
[2m2020-06-13 01:14:47.908[0;39m [32mDEBUG[0;39m [35m2276[0;39m [2m---[0;39m [2m[nio-9999-exec-6][0;39m [36mc.s.happyhouse.controller.QnAController [0;39m [2m:[0;39m user login - 호출
[2m2020-06-13 01:14:48.304[0;39m [32mDEBUG[0;39m [35m2276[0;39m [2m---[0;39m [2m[nio-9999-exec-5][0;39m [36mc.s.happyhouse.controller.QnAController [0;39m [2m:[0;39m user login - 호출
[2m2020-06-13 01:14:48.676[0;39m [32mDEBUG[0;39m [35m2276[0;39m [2m---[0;39m [2m[nio-9999-exec-3][0;39m [36mc.s.happyhouse.controller.QnAController [0;39m [2m:[0;39m user login - 호출
[2m2020-06-13 01:16:59.358[0;39m [32mDEBUG[0;39m [35m2276[0;39m [2m---[0;39m [2m[nio-9999-exec-4][0;39m [36mc.s.happyhouse.controller.QnAController [0;39m [2m:[0;39m user login - 호출
[2m2020-06-13 01:20:03.633[0;39m [32mDEBUG[0;39m [35m2276[0;39m [2m---[0;39m [2m[nio-9999-exec-1][0;39m [36mc.s.happyhouse.controller.QnAController [0;39m [2m:[0;39m user login - 호출
[2m2020-06-13 01:21:32.487[0;39m [32mDEBUG[0;39m [35m2276[0;39m [2m---[0;39m [2m[nio-9999-exec-8][0;39m [36mc.s.happyhouse.controller.QnAController [0;39m [2m:[0;39m user login - 호출
[2m2020-06-13 01:22:12.574[0;39m [32mDEBUG[0;39m [35m2276[0;39m [2m---[0;39m [2m[nio-9999-exec-6][0;39m [36mc.s.happyhouse.controller.QnAController [0;39m [2m:[0;39m user login - 호출
[2m2020-06-13 01:23:14.192[0;39m [32mDEBUG[0;39m [35m2276[0;39m [2m---[0;39m [2m[nio-9999-exec-3][0;39m [36mc.s.happyhouse.controller.QnAController [0;39m [2m:[0;39m user login - 호출
[2m2020-06-13 01:23:39.560[0;39m [32mDEBUG[0;39m [35m2276[0;39m [2m---[0;39m [2m[nio-9999-exec-4][0;39m [36mc.s.happyhouse.controller.QnAController [0;39m [2m:[0;39m user login - 호출
[2m2020-06-13 01:24:06.663[0;39m [32mDEBUG[0;39m [35m2276[0;39m [2m---[0;39m [2m[nio-9999-exec-1][0;39m [36mc.s.happyhouse.controller.QnAController [0;39m [2m:[0;39m user login - 호출
[2m2020-06-13 01:24:20.354[0;39m [32mDEBUG[0;39m [35m2276[0;39m [2m---[0;39m [2m[nio-9999-exec-7][0;39m [36mc.s.happyhouse.controller.QnAController [0;39m [2m:[0;39m user login - 호출
[2m2020-06-13 01:24:30.579[0;39m [32mDEBUG[0;39m [35m2276[0;39m [2m---[0;39m [2m[nio-9999-exec-8][0;39m [36mc.s.happyhouse.controller.QnAController [0;39m [2m:[0;39m user login - 호출
[2m2020-06-13 01:24:38.690[0;39m [32mDEBUG[0;39m [35m2276[0;39m [2m---[0;39m [2m[nio-9999-exec-9][0;39m [36mc.s.happyhouse.controller.QnAController [0;39m [2m:[0;39m user login - 호출
[2m2020-06-13 01:24:51.064[0;39m [32mDEBUG[0;39m [35m2276[0;39m [2m---[0;39m [2m[nio-9999-exec-6][0;39m [36mc.s.happyhouse.controller.QnAController [0;39m [2m:[0;39m user login - 호출
[2m2020-06-13 01:25:52.799[0;39m [32mDEBUG[0;39m [35m2276[0;39m [2m---[0;39m [2m[nio-9999-exec-3][0;39m [36mc.s.happyhouse.controller.QnAController [0;39m [2m:[0;39m user login - 호출
[2m2020-06-13 01:27:58.221[0;39m [32mDEBUG[0;39m [35m2276[0;39m [2m---[0;39m [2m[nio-9999-exec-4][0;39m [36mc.s.happyhouse.controller.QnAController [0;39m [2m:[0;39m user login - 호출
[2m2020-06-13 01:28:09.975[0;39m [32mDEBUG[0;39m [35m2276[0;39m [2m---[0;39m [2m[nio-9999-exec-1][0;39m [36mc.s.happyhouse.controller.QnAController [0;39m [2m:[0;39m user login - 호출
[2m2020-06-13 01:29:13.597[0;39m [32mDEBUG[0;39m [35m2276[0;39m [2m---[0;39m [2m[nio-9999-exec-8][0;39m [36mc.s.happyhouse.controller.QnAController [0;39m [2m:[0;39m user login - 호출
[2m2020-06-13 01:31:04.520[0;39m [32mDEBUG[0;39m [35m2276[0;39m [2m---[0;39m [2m[nio-9999-exec-6][0;39m [36mc.s.happyhouse.controller.QnAController [0;39m [2m:[0;39m user login - 호출
[2m2020-06-13 01:32:20.353[0;39m [32mDEBUG[0;39m [35m2276[0;39m [2m---[0;39m [2m[nio-9999-exec-3][0;39m [36mc.s.happyhouse.controller.QnAController [0;39m [2m:[0;39m user login - 호출
[2m2020-06-13 01:34:01.147[0;39m [32mDEBUG[0;39m [35m2276[0;39m [2m---[0;39m [2m[nio-9999-exec-4][0;39m [36mc.s.happyhouse.controller.QnAController [0;39m [2m:[0;39m user login - 호출
[2m2020-06-13 01:38:54.732[0;39m [32mDEBUG[0;39m [35m2276[0;39m [2m---[0;39m [2m[nio-9999-exec-1][0;39m [36mc.s.happyhouse.controller.QnAController [0;39m [2m:[0;39m user login - 호출
[2m2020-06-13 01:39:02.943[0;39m [32mDEBUG[0;39m [35m2276[0;39m [2m---[0;39m [2m[nio-9999-exec-8][0;39m [36mc.s.happyhouse.controller.QnAController [0;39m [2m:[0;39m user login - 호출
[2m2020-06-13 01:39:14.906[0;39m [32mDEBUG[0;39m [35m2276[0;39m [2m---[0;39m [2m[nio-9999-exec-9][0;39m [36mc.s.happyhouse.controller.QnAController [0;39m [2m:[0;39m user login - 호출
[2m2020-06-13 01:40:07.035[0;39m [32mDEBUG[0;39m [35m2276[0;39m [2m---[0;39m [2m[nio-9999-exec-6][0;39m [36mc.s.happyhouse.controller.QnAController [0;39m [2m:[0;39m user login - 호출
[2m2020-06-13 01:40:39.431[0;39m [32mDEBUG[0;39m [35m2276[0;39m [2m---[0;39m [2m[nio-9999-exec-3][0;39m [36mc.s.happyhouse.controller.QnAController [0;39m [2m:[0;39m user login - 호출
[2m2020-06-13 01:41:06.315[0;39m [32mDEBUG[0;39m [35m2276[0;39m [2m---[0;39m [2m[nio-9999-exec-4][0;39m [36mc.s.happyhouse.controller.QnAController [0;39m [2m:[0;39m user login - 호출
[2m2020-06-13 01:41:24.634[0;39m [32mDEBUG[0;39m [35m2276[0;39m [2m---[0;39m [2m[nio-9999-exec-1][0;39m [36mc.s.happyhouse.controller.QnAController [0;39m [2m:[0;39m user login - 호출
[2m2020-06-13 01:42:04.760[0;39m [32mDEBUG[0;39m [35m2276[0;39m [2m---[0;39m [2m[nio-9999-exec-8][0;39m [36mc.s.happyhouse.controller.QnAController [0;39m [2m:[0;39m user kakao login - 호출
[2m2020-06-13 01:42:25.424[0;39m [32mDEBUG[0;39m [35m2276[0;39m [2m---[0;39m [2m[nio-9999-exec-6][0;39m [36mc.s.happyhouse.controller.QnAController [0;39m [2m:[0;39m user login - 호출
[2m2020-06-13 01:42:47.840[0;39m [32mDEBUG[0;39m [35m2276[0;39m [2m---[0;39m [2m[nio-9999-exec-3][0;39m [36mc.s.happyhouse.controller.QnAController [0;39m [2m:[0;39m user login - 호출
[2m2020-06-13 01:42:50.379[0;39m [32mDEBUG[0;39m [35m2276[0;39m [2m---[0;39m [2m[io-9999-exec-10][0;39m [36mc.s.happyhouse.controller.QnAController [0;39m [2m:[0;39m user login - 호출
[2m2020-06-13 01:51:17.269[0;39m [32mDEBUG[0;39m [35m2276[0;39m [2m---[0;39m [2m[nio-9999-exec-1][0;39m [36mc.s.happyhouse.controller.QnAController [0;39m [2m:[0;39m user kakao login - 호출
[2m2020-06-13 01:51:29.750[0;39m [32mDEBUG[0;39m [35m2276[0;39m [2m---[0;39m [2m[nio-9999-exec-8][0;39m [36mc.s.happyhouse.controller.QnAController [0;39m [2m:[0;39m user kakao login - 호출
[2m2020-06-13 01:51:49.362[0;39m [32mDEBUG[0;39m [35m2276[0;39m [2m---[0;39m [2m[nio-9999-exec-6][0;39m [36mc.s.happyhouse.controller.QnAController [0;39m [2m:[0;39m getAllSido - 호출
[2m2020-06-13 01:51:49.383[0;39m [32mDEBUG[0;39m [35m2276[0;39m [2m---[0;39m [2m[nio-9999-exec-9][0;39m [36mc.s.happyhouse.controller.QnAController [0;39m [2m:[0;39m getAllInterestArea - 호출
[2m2020-06-13 01:52:01.638[0;39m [32mDEBUG[0;39m [35m2276[0;39m [2m---[0;39m [2m[nio-9999-exec-5][0;39m [36mc.s.happyhouse.controller.QnAController [0;39m [2m:[0;39m user login - 호출
[2m2020-06-13 01:52:04.521[0;39m [32mDEBUG[0;39m [35m2276[0;39m [2m---[0;39m [2m[nio-9999-exec-3][0;39m [36mc.s.happyhouse.controller.QnAController [0;39m [2m:[0;39m user login - 호출
[2m2020-06-13 01:52:08.597[0;39m [32mDEBUG[0;39m [35m2276[0;39m [2m---[0;39m [2m[nio-9999-exec-2][0;39m [36mc.s.happyhouse.controller.QnAController [0;39m [2m:[0;39m getAllInterestArea - 호출
[2m2020-06-13 01:52:08.598[0;39m [32mDEBUG[0;39m [35m2276[0;39m [2m---[0;39m [2m[nio-9999-exec-1][0;39m [36mc.s.happyhouse.controller.QnAController [0;39m [2m:[0;39m getAllSido - 호출
[2m2020-06-13 01:52:12.295[0;39m [32mDEBUG[0;39m [35m2276[0;39m [2m---[0;39m [2m[nio-9999-exec-7][0;39m [36mc.s.happyhouse.controller.QnAController [0;39m [2m:[0;39m getAllInterestArea - 호출
[2m2020-06-13 01:52:12.307[0;39m [32mDEBUG[0;39m [35m2276[0;39m [2m---[0;39m [2m[nio-9999-exec-8][0;39m [36mc.s.happyhouse.controller.QnAController [0;39m [2m:[0;39m getAllSido - 호출
[2m2020-06-13 01:52:13.180[0;39m [32mDEBUG[0;39m [35m2276[0;39m [2m---[0;39m [2m[nio-9999-exec-9][0;39m [36mc.s.happyhouse.controller.QnAController [0;39m [2m:[0;39m searchStores - 호출
[2m2020-06-13 01:52:13.240[0;39m [32mDEBUG[0;39m [35m2276[0;39m [2m---[0;39m [2m[nio-9999-exec-6][0;39m [36mc.s.happyhouse.controller.QnAController [0;39m [2m:[0;39m searchStoresTotalCnt - 호출
[2m2020-06-13 01:52:13.873[0;39m [32mDEBUG[0;39m [35m2276[0;39m [2m---[0;39m [2m[nio-9999-exec-5][0;39m [36mc.s.happyhouse.controller.QnAController [0;39m [2m:[0;39m searchStores - 호출
[2m2020-06-13 01:52:13.918[0;39m [32mDEBUG[0;39m [35m2276[0;39m [2m---[0;39m [2m[nio-9999-exec-3][0;39m [36mc.s.happyhouse.controller.QnAController [0;39m [2m:[0;39m searchStoresTotalCnt - 호출
[2m2020-06-13 01:52:33.361[0;39m [32mDEBUG[0;39m [35m2276[0;39m [2m---[0;39m [2m[nio-9999-exec-2][0;39m [36mc.s.happyhouse.controller.QnAController [0;39m [2m:[0;39m user login - 호출
[2m2020-06-13 01:52:44.265[0;39m [32mDEBUG[0;39m [35m2276[0;39m [2m---[0;39m [2m[nio-9999-exec-1][0;39m [36mc.s.happyhouse.controller.QnAController [0;39m [2m:[0;39m user login - 호출
[2m2020-06-13 01:58:49.898[0;39m [32mDEBUG[0;39m [35m2276[0;39m [2m---[0;39m [2m[nio-9999-exec-8][0;39m [36mc.s.happyhouse.controller.QnAController [0;39m [2m:[0;39m user kakao login - 호출
[2m2020-06-13 01:59:23.809[0;39m [32mDEBUG[0;39m [35m2276[0;39m [2m---[0;39m [2m[nio-9999-exec-6][0;39m [36mc.s.happyhouse.controller.QnAController [0;39m [2m:[0;39m logout - 호출
[2m2020-06-13 01:59:23.908[0;39m [32mDEBUG[0;39m [35m2276[0;39m [2m---[0;39m [2m[nio-9999-exec-5][0;39m [36mc.s.happyhouse.controller.QnAController [0;39m [2m:[0;39m moveToIndexPage - 호출
[2m2020-06-13 01:59:31.690[0;39m [32mDEBUG[0;39m [35m2276[0;39m [2m---[0;39m [2m[nio-9999-exec-3][0;39m [36mc.s.happyhouse.controller.QnAController [0;39m [2m:[0;39m user kakao login - 호출
[2m2020-06-13 01:59:33.027[0;39m [32mDEBUG[0;39m [35m2276[0;39m [2m---[0;39m [2m[nio-9999-exec-4][0;39m [36mc.s.happyhouse.controller.QnAController [0;39m [2m:[0;39m logout - 호출
[2m2020-06-13 01:59:33.038[0;39m [32mDEBUG[0;39m [35m2276[0;39m [2m---[0;39m [2m[nio-9999-exec-2][0;39m [36mc.s.happyhouse.controller.QnAController [0;39m [2m:[0;39m moveToIndexPage - 호출
[2m2020-06-13 02:01:33.638[0;39m [32mDEBUG[0;39m [35m2276[0;39m [2m---[0;39m [2m[nio-9999-exec-7][0;39m [36mc.s.happyhouse.controller.QnAController [0;39m [2m:[0;39m user login - 호출
[2m2020-06-13 02:01:36.357[0;39m [32mDEBUG[0;39m [35m2276[0;39m [2m---[0;39m [2m[nio-9999-exec-8][0;39m [36mc.s.happyhouse.controller.QnAController [0;39m [2m:[0;39m logout - 호출
[2m2020-06-13 02:01:36.362[0;39m [32mDEBUG[0;39m [35m2276[0;39m [2m---[0;39m [2m[nio-9999-exec-9][0;39m [36mc.s.happyhouse.controller.QnAController [0;39m [2m:[0;39m moveToIndexPage - 호출
[2m2020-06-13 02:02:40.827[0;39m [32mDEBUG[0;39m [35m2276[0;39m [2m---[0;39m [2m[nio-9999-exec-5][0;39m [36mc.s.happyhouse.controller.QnAController [0;39m [2m:[0;39m user login - 호출
[2m2020-06-13 02:02:51.925[0;39m [32mDEBUG[0;39m [35m2276[0;39m [2m---[0;39m [2m[nio-9999-exec-3][0;39m [36mc.s.happyhouse.controller.QnAController [0;39m [2m:[0;39m user login - 호출
[2m2020-06-13 02:03:00.999[0;39m [32mDEBUG[0;39m [35m2276[0;39m [2m---[0;39m [2m[io-9999-exec-10][0;39m [36mc.s.happyhouse.controller.QnAController [0;39m [2m:[0;39m user login - 호출
[2m2020-06-13 02:03:06.030[0;39m [32mDEBUG[0;39m [35m2276[0;39m [2m---[0;39m [2m[nio-9999-exec-1][0;39m [36mc.s.happyhouse.controller.QnAController [0;39m [2m:[0;39m getAllSido - 호출
[2m2020-06-13 02:03:06.039[0;39m [32mDEBUG[0;39m [35m2276[0;39m [2m---[0;39m [2m[nio-9999-exec-2][0;39m [36mc.s.happyhouse.controller.QnAController [0;39m [2m:[0;39m getAllInterestArea - 호출
[2m2020-06-13 02:04:53.283[0;39m [32mDEBUG[0;39m [35m2276[0;39m [2m---[0;39m [2m[nio-9999-exec-9][0;39m [36mc.s.happyhouse.controller.QnAController [0;39m [2m:[0;39m logout - 호출
[2m2020-06-13 02:04:53.296[0;39m [32mDEBUG[0;39m [35m2276[0;39m [2m---[0;39m [2m[nio-9999-exec-6][0;39m [36mc.s.happyhouse.controller.QnAController [0;39m [2m:[0;39m moveToIndexPage - 호출
[2m2020-06-13 02:08:53.979[0;39m [32mDEBUG[0;39m [35m2276[0;39m [2m---[0;39m [2m[nio-9999-exec-3][0;39m [36mc.s.happyhouse.controller.QnAController [0;39m [2m:[0;39m user login - 호출
[2m2020-06-13 02:09:09.588[0;39m [32mDEBUG[0;39m [35m2276[0;39m [2m---[0;39m [2m[nio-9999-exec-4][0;39m [36mc.s.happyhouse.controller.QnAController [0;39m [2m:[0;39m user login - 호출
[2m2020-06-13 02:10:46.135[0;39m [32mDEBUG[0;39m [35m2276[0;39m [2m---[0;39m [2m[nio-9999-exec-2][0;39m [36mc.s.happyhouse.controller.QnAController [0;39m [2m:[0;39m logout - 호출
[2m2020-06-13 02:10:46.174[0;39m [32mDEBUG[0;39m [35m2276[0;39m [2m---[0;39m [2m[nio-9999-exec-7][0;39m [36mc.s.happyhouse.controller.QnAController [0;39m [2m:[0;39m moveToIndexPage - 호출
[2m2020-06-13 02:14:10.814[0;39m [32mDEBUG[0;39m [35m2276[0;39m [2m---[0;39m [2m[nio-9999-exec-9][0;39m [36mc.s.happyhouse.controller.QnAController [0;39m [2m:[0;39m user login - 호출
[2m2020-06-13 02:14:15.224[0;39m [32mDEBUG[0;39m [35m2276[0;39m [2m---[0;39m [2m[nio-9999-exec-5][0;39m [36mc.s.happyhouse.controller.QnAController [0;39m [2m:[0;39m logout - 호출
[2m2020-06-13 02:14:15.236[0;39m [32mDEBUG[0;39m [35m2276[0;39m [2m---[0;39m [2m[nio-9999-exec-3][0;39m [36mc.s.happyhouse.controller.QnAController [0;39m [2m:[0;39m moveToIndexPage - 호출
[2m2020-06-13 02:14:29.915[0;39m [32mDEBUG[0;39m [35m2276[0;39m [2m---[0;39m [2m[nio-9999-exec-4][0;39m [36mc.s.happyhouse.controller.QnAController [0;39m [2m:[0;39m user kakao login - 호출
[2m2020-06-13 02:15:29.701[0;39m [32mDEBUG[0;39m [35m2276[0;39m [2m---[0;39m [2m[nio-9999-exec-2][0;39m [36mc.s.happyhouse.controller.QnAController [0;39m [2m:[0;39m user kakao login - 호출
[2m2020-06-13 02:16:52.401[0;39m [32mDEBUG[0;39m [35m2276[0;39m [2m---[0;39m [2m[nio-9999-exec-8][0;39m [36mc.s.happyhouse.controller.QnAController [0;39m [2m:[0;39m logout - 호출
[2m2020-06-13 02:16:52.414[0;39m [32mDEBUG[0;39m [35m2276[0;39m [2m---[0;39m [2m[nio-9999-exec-9][0;39m [36mc.s.happyhouse.controller.QnAController [0;39m [2m:[0;39m moveToIndexPage - 호출
[2m2020-06-13 02:16:54.782[0;39m [32mDEBUG[0;39m [35m2276[0;39m [2m---[0;39m [2m[nio-9999-exec-6][0;39m [36mc.s.happyhouse.controller.QnAController [0;39m [2m:[0;39m user kakao login - 호출
[2m2020-06-13 02:18:08.765[0;39m [32mDEBUG[0;39m [35m2276[0;39m [2m---[0;39m [2m[nio-9999-exec-3][0;39m [36mc.s.happyhouse.controller.QnAController [0;39m [2m:[0;39m user kakao login - 호출
[2m2020-06-13 02:19:00.765[0;39m [32mDEBUG[0;39m [35m2276[0;39m [2m---[0;39m [2m[nio-9999-exec-4][0;39m [36mc.s.happyhouse.controller.QnAController [0;39m [2m:[0;39m user kakao login - 호출
[2m2020-06-13 02:19:06.246[0;39m [32mDEBUG[0;39m [35m2276[0;39m [2m---[0;39m [2m[nio-9999-exec-7][0;39m [36mc.s.happyhouse.controller.QnAController [0;39m [2m:[0;39m getAllSido - 호출
[2m2020-06-13 02:19:06.256[0;39m [32mDEBUG[0;39m [35m2276[0;39m [2m---[0;39m [2m[nio-9999-exec-2][0;39m [36mc.s.happyhouse.controller.QnAController [0;39m [2m:[0;39m getAllInterestArea - 호출
[2m2020-06-13 02:19:07.501[0;39m [32mDEBUG[0;39m [35m2276[0;39m [2m---[0;39m [2m[nio-9999-exec-9][0;39m [36mc.s.happyhouse.controller.QnAController [0;39m [2m:[0;39m deleteInterestArea - 호출
[2m2020-06-13 02:19:08.658[0;39m [32mDEBUG[0;39m [35m2276[0;39m [2m---[0;39m [2m[nio-9999-exec-6][0;39m [36mc.s.happyhouse.controller.QnAController [0;39m [2m:[0;39m getAllInterestArea - 호출
[2m2020-06-13 02:19:11.641[0;39m [32mDEBUG[0;39m [35m2276[0;39m [2m---[0;39m [2m[nio-9999-exec-3][0;39m [36mc.s.happyhouse.controller.QnAController [0;39m [2m:[0;39m getAllSido - 호출
[2m2020-06-13 02:19:11.646[0;39m [32mDEBUG[0;39m [35m2276[0;39m [2m---[0;39m [2m[nio-9999-exec-5][0;39m [36mc.s.happyhouse.controller.QnAController [0;39m [2m:[0;39m getAllInterestArea - 호출
[2m2020-06-13 02:19:23.728[0;39m [32mDEBUG[0;39m [35m2276[0;39m [2m---[0;39m [2m[nio-9999-exec-1][0;39m [36mc.s.happyhouse.controller.QnAController [0;39m [2m:[0;39m user kakao login - 호출
[2m2020-06-13 02:23:32.176[0;39m [32mDEBUG[0;39m [35m2276[0;39m [2m---[0;39m [2m[nio-9999-exec-2][0;39m [36mc.s.happyhouse.controller.QnAController [0;39m [2m:[0;39m user kakao login - 호출
[2m2020-06-13 02:29:09.105[0;39m [32mDEBUG[0;39m [35m2276[0;39m [2m---[0;39m [2m[nio-9999-exec-9][0;39m [36mc.s.happyhouse.controller.QnAController [0;39m [2m:[0;39m user kakao login - 호출
[2m2020-06-13 02:29:12.595[0;39m [32mDEBUG[0;39m [35m2276[0;39m [2m---[0;39m [2m[nio-9999-exec-3][0;39m [36mc.s.happyhouse.controller.QnAController [0;39m [2m:[0;39m logout - 호출
[2m2020-06-13 02:29:12.650[0;39m [32mDEBUG[0;39m [35m2276[0;39m [2m---[0;39m [2m[nio-9999-exec-5][0;39m [36mc.s.happyhouse.controller.QnAController [0;39m [2m:[0;39m moveToIndexPage - 호출
[2m2020-06-13 02:30:51.883[0;39m [32mDEBUG[0;39m [35m2276[0;39m [2m---[0;39m [2m[nio-9999-exec-4][0;39m [36mc.s.happyhouse.controller.QnAController [0;39m [2m:[0;39m user login - 호출
[2m2020-06-13 02:31:08.228[0;39m [32mDEBUG[0;39m [35m2276[0;39m [2m---[0;39m [2m[nio-9999-exec-2][0;39m [36mc.s.happyhouse.controller.QnAController [0;39m [2m:[0;39m getAllSido - 호출
[2m2020-06-13 02:31:08.236[0;39m [32mDEBUG[0;39m [35m2276[0;39m [2m---[0;39m [2m[nio-9999-exec-7][0;39m [36mc.s.happyhouse.controller.QnAController [0;39m [2m:[0;39m getAllInterestArea - 호출
[2m2020-06-13 02:35:53.051[0;39m [32mDEBUG[0;39m [35m2276[0;39m [2m---[0;39m [2m[nio-9999-exec-6][0;39m [36mc.s.happyhouse.controller.QnAController [0;39m [2m:[0;39m user login - 호출
[2m2020-06-13 02:36:29.867[0;39m [32mDEBUG[0;39m [35m2276[0;39m [2m---[0;39m [2m[nio-9999-exec-5][0;39m [36mc.s.happyhouse.controller.QnAController [0;39m [2m:[0;39m user login - 호출
[2m2020-06-13 02:51:01.999[0;39m [32mDEBUG[0;39m [35m2276[0;39m [2m---[0;39m [2m[nio-9999-exec-1][0;39m [36mc.s.happyhouse.controller.QnAController [0;39m [2m:[0;39m getAllSido - 호출
[2m2020-06-13 02:51:02.056[0;39m [32mDEBUG[0;39m [35m2276[0;39m [2m---[0;39m [2m[nio-9999-exec-4][0;39m [36mc.s.happyhouse.controller.QnAController [0;39m [2m:[0;39m getAllInterestArea - 호출
[2m2020-06-13 02:51:04.088[0;39m [32mDEBUG[0;39m [35m2276[0;39m [2m---[0;39m [2m[nio-9999-exec-2][0;39m [36mc.s.happyhouse.controller.QnAController [0;39m [2m:[0;39m getAllInterestArea - 호출
[2m2020-06-13 02:51:04.104[0;39m [32mDEBUG[0;39m [35m2276[0;39m [2m---[0;39m [2m[nio-9999-exec-7][0;39m [36mc.s.happyhouse.controller.QnAController [0;39m [2m:[0;39m getAllSido - 호출
[2m2020-06-13 02:53:33.416[0;39m [32mDEBUG[0;39m [35m2276[0;39m [2m---[0;39m [2m[nio-9999-exec-6][0;39m [36mc.s.happyhouse.controller.QnAController [0;39m [2m:[0;39m logout - 호출
[2m2020-06-13 02:53:33.445[0;39m [32mDEBUG[0;39m [35m2276[0;39m [2m---[0;39m [2m[nio-9999-exec-3][0;39m [36mc.s.happyhouse.controller.QnAController [0;39m [2m:[0;39m moveToIndexPage - 호출
[2m2020-06-13 02:55:25.731[0;39m [32mDEBUG[0;39m [35m2276[0;39m [2m---[0;39m [2m[io-9999-exec-10][0;39m [36mc.s.happyhouse.controller.QnAController [0;39m [2m:[0;39m user kakao login - 호출
[2m2020-06-13 02:56:49.013[0;39m [32mDEBUG[0;39m [35m2276[0;39m [2m---[0;39m [2m[nio-9999-exec-4][0;39m [36mc.s.happyhouse.controller.QnAController [0;39m [2m:[0;39m logout - 호출
[2m2020-06-13 02:56:49.020[0;39m [32mDEBUG[0;39m [35m2276[0;39m [2m---[0;39m [2m[nio-9999-exec-2][0;39m [36mc.s.happyhouse.controller.QnAController [0;39m [2m:[0;39m moveToIndexPage - 호출
[2m2020-06-13 02:57:16.884[0;39m [32mDEBUG[0;39m [35m2276[0;39m [2m---[0;39m [2m[nio-9999-exec-7][0;39m [36mc.s.happyhouse.controller.QnAController [0;39m [2m:[0;39m user kakao login - 호출
[2m2020-06-13 02:58:38.387[0;39m [32mDEBUG[0;39m [35m2276[0;39m [2m---[0;39m [2m[nio-9999-exec-9][0;39m [36mc.s.happyhouse.controller.QnAController [0;39m [2m:[0;39m logout - 호출
[2m2020-06-13 02:58:38.398[0;39m [32mDEBUG[0;39m [35m2276[0;39m [2m---[0;39m [2m[nio-9999-exec-6][0;39m [36mc.s.happyhouse.controller.QnAController [0;39m [2m:[0;39m moveToIndexPage - 호출
[2m2020-06-13 02:58:41.133[0;39m [32mDEBUG[0;39m [35m2276[0;39m [2m---[0;39m [2m[nio-9999-exec-3][0;39m [36mc.s.happyhouse.controller.QnAController [0;39m [2m:[0;39m user kakao login - 호출
[2m2020-06-13 03:00:02.693[0;39m [32mDEBUG[0;39m [35m2276[0;39m [2m---[0;39m [2m[io-9999-exec-10][0;39m [36mc.s.happyhouse.controller.QnAController [0;39m [2m:[0;39m user kakao login - 호출
[2m2020-06-13 03:00:49.696[0;39m [32mDEBUG[0;39m [35m2276[0;39m [2m---[0;39m [2m[nio-9999-exec-4][0;39m [36mc.s.happyhouse.controller.QnAController [0;39m [2m:[0;39m user kakao login - 호출
[2m2020-06-13 03:01:41.690[0;39m [32mDEBUG[0;39m [35m2276[0;39m [2m---[0;39m [2m[nio-9999-exec-7][0;39m [36mc.s.happyhouse.controller.QnAController [0;39m [2m:[0;39m user kakao login - 호출
[2m2020-06-13 03:01:43.736[0;39m [32mDEBUG[0;39m [35m2276[0;39m [2m---[0;39m [2m[nio-9999-exec-6][0;39m [36mc.s.happyhouse.controller.QnAController [0;39m [2m:[0;39m getAllSido - 호출
[2m2020-06-13 03:01:43.754[0;39m [32mDEBUG[0;39m [35m2276[0;39m [2m---[0;39m [2m[nio-9999-exec-9][0;39m [36mc.s.happyhouse.controller.QnAController [0;39m [2m:[0;39m getAllInterestArea - 호출
[2m2020-06-13 03:02:00.486[0;39m [32mDEBUG[0;39m [35m2276[0;39m [2m---[0;39m [2m[io-9999-exec-10][0;39m [36mc.s.happyhouse.controller.QnAController [0;39m [2m:[0;39m getAllInterestArea - 호출
[2m2020-06-13 03:02:00.491[0;39m [32mDEBUG[0;39m [35m2276[0;39m [2m---[0;39m [2m[nio-9999-exec-1][0;39m [36mc.s.happyhouse.controller.QnAController [0;39m [2m:[0;39m getAllSido - 호출
[2m2020-06-13 03:02:03.143[0;39m [32mDEBUG[0;39m [35m2276[0;39m [2m---[0;39m [2m[nio-9999-exec-7][0;39m [36mc.s.happyhouse.controller.QnAController [0;39m [2m:[0;39m getAllInterestArea - 호출
[2m2020-06-13 03:02:03.158[0;39m [32mDEBUG[0;39m [35m2276[0;39m [2m---[0;39m [2m[nio-9999-exec-8][0;39m [36mc.s.happyhouse.controller.QnAController [0;39m [2m:[0;39m getAllSido - 호출
[2m2020-06-13 03:02:09.850[0;39m [32mDEBUG[0;39m [35m2276[0;39m [2m---[0;39m [2m[nio-9999-exec-6][0;39m [36mc.s.happyhouse.controller.QnAController [0;39m [2m:[0;39m user kakao login - 호출
[2m2020-06-13 03:02:12.288[0;39m [32mDEBUG[0;39m [35m2276[0;39m [2m---[0;39m [2m[nio-9999-exec-9][0;39m [36mc.s.happyhouse.controller.QnAController [0;39m [2m:[0;39m getAllInterestArea - 호출
[2m2020-06-13 03:02:12.289[0;39m [32mDEBUG[0;39m [35m2276[0;39m [2m---[0;39m [2m[nio-9999-exec-5][0;39m [36mc.s.happyhouse.controller.QnAController [0;39m [2m:[0;39m getAllSido - 호출
[2m2020-06-13 03:04:11.148[0;39m [32m INFO[0;39m [35m2276[0;39m [2m---[0;39m [2m[on(2)-127.0.0.1][0;39m [36minMXBeanRegistrar$SpringApplicationAdmin[0;39m [2m:[0;39m Application shutdown requested.
[2m2020-06-13 03:04:11.241[0;39m [32m INFO[0;39m [35m2276[0;39m [2m---[0;39m [2m[on(2)-127.0.0.1][0;39m [36mo.s.s.concurrent.ThreadPoolTaskExecutor [0;39m [2m:[0;39m Shutting down ExecutorService 'applicationTaskExecutor'
